<?xml version="1.0" encoding="UTF-8" ?>
<testsuite tests="8" failures="0" name="com.oracle.bowling.BowlingParameterizedTest" time="0.085" errors="0" skipped="0">
  <properties>
[...]
</properties>
  <testcase classname="testGame[0: testGame(POSTIVE+10
10
10
10
10
10
10
10
10
10
10
10
) = 300](com.oracle.bowling.BowlingParameterizedTest)" name="testGame[0: testGame(POSTIVE+10
10
10
10
10
10
10
10
10
10
10
10
) = 300]" time="0.031"/>
  <testcase classname="testGame[1: testGame(POSTIVE+5
5
5
5
5
5
5
5
5
5
5
5
5
5
5
5
5
5
5
5
5
) = 150](com.oracle.bowling.BowlingParameterizedTest)" name="testGame[1: testGame(POSTIVE+5
5
5
5
5
5
5
5
5
5
5
5
5
5
5
5
5
5
5
5
5
) = 150]" time="0.009"/>
  <testcase classname="testGame[2: testGame(POSTIVE+10
3
4
5
3
5
5
5
5
6
3
8
2
4
4
3
3
4
5
) = 109](com.oracle.bowling.BowlingParameterizedTest)" name="testGame[2: testGame(POSTIVE+10
3
4
5
3
5
5
5
5
6
3
8
2
4
4
3
3
4
5
) = 109]" time="0.01"/>
  <testcase classname="testGame[3: testGame(POSTIVE+3
4
5
4
6
3
7
2
4
4
8
1
5
5
3
6
4
5
5
5
5
) = 97](com.oracle.bowling.BowlingParameterizedTest)" name="testGame[3: testGame(POSTIVE+3
4
5
4
6
3
7
2
4
4
8
1
5
5
3
6
4
5
5
5
5
) = 97]" time="0.006"/>
  <testcase classname="testGame[4: testGame(POSTIVE+3
5
4
6
10
6
2
7
3
8
1
6
3
6
3
5
5
10
5
5
) = 139](com.oracle.bowling.BowlingParameterizedTest)" name="testGame[4: testGame(POSTIVE+3
5
4
6
10
6
2
7
3
8
1
6
3
6
3
5
5
10
5
5
) = 139]" time="0.005"/>
  <testcase classname="testGame[5: testGame(NEGATIVE+20
5
5
5
5
5
5
5
5
5
5
5
5
5
5
5
5
5
5
5
5
5
) = -1](com.oracle.bowling.BowlingParameterizedTest)" name="testGame[5: testGame(NEGATIVE+20
5
5
5
5
5
5
5
5
5
5
5
5
5
5
5
5
5
5
5
5
5
) = -1]" time="0.012"/>
  <testcase classname="testGame[6: testGame(NEGATIVE+10
10
10
10
10
10
20
10
10
10
10
10
10
) = -1](com.oracle.bowling.BowlingParameterizedTest)" name="testGame[6: testGame(NEGATIVE+10
10
10
10
10
10
20
10
10
10
10
10
10
) = -1]" time="0.005"/>
  <testcase classname="testGame[7: testGame(NEGATIVE+10
3
4
5
3
5
5
5
5
6
3
8
2
4
4
3
3
4
25
3
) = -1](com.oracle.bowling.BowlingParameterizedTest)" name="testGame[7: testGame(NEGATIVE+10
3
4
5
3
5
5
5
5
6
3
8
2
4
4
3
3
4
25
3
) = -1]" time="0.007"/>
</testsuite>